11:42:49.186 [localhost-startStop-1] WARN  o.s.d.m.c.i.MongoPersistentEntityIndexResolver [MongoPersistentEntityIndexResolver.java:260] - [******] - Found cycle for field 'password' in type 'User' for path 'creator'
org.springframework.data.mongodb.core.index.MongoPersistentEntityIndexResolver$CyclicPropertyReferenceException: Found cycle for field 'password' in type 'User' for path 'creator'
	at org.springframework.data.mongodb.core.index.MongoPersistentEntityIndexResolver$CycleGuard.protect(MongoPersistentEntityIndexResolver.java:461) ~[spring-data-mongodb-1.6.0.BUILD-SNAPSHOT.jar:na]
	at org.springframework.data.mongodb.core.index.MongoPersistentEntityIndexResolver$3.doWithPersistentProperty(MongoPersistentEntityIndexResolver.java:232) [spring-data-mongodb-1.6.0.BUILD-SNAPSHOT.jar:na]
	at org.springframework.data.mongodb.core.index.MongoPersistentEntityIndexResolver$3.doWithPersistentProperty(MongoPersistentEntityIndexResolver.java:227) [spring-data-mongodb-1.6.0.BUILD-SNAPSHOT.jar:na]
	at org.springframework.data.mapping.model.BasicPersistentEntity.doWithProperties(BasicPersistentEntity.java:294) [spring-data-commons-1.9.0.BUILD-SNAPSHOT.jar:na]
	at org.springframework.data.mongodb.core.index.MongoPersistentEntityIndexResolver.appendTextIndexInformation(MongoPersistentEntityIndexResolver.java:227) [spring-data-mongodb-1.6.0.BUILD-SNAPSHOT.jar:na]
	at org.springframework.data.mongodb.core.index.MongoPersistentEntityIndexResolver.access$400(MongoPersistentEntityIndexResolver.java:57) [spring-data-mongodb-1.6.0.BUILD-SNAPSHOT.jar:na]
	at org.springframework.data.mongodb.core.index.MongoPersistentEntityIndexResolver$3.doWithPersistentProperty(MongoPersistentEntityIndexResolver.java:257) [spring-data-mongodb-1.6.0.BUILD-SNAPSHOT.jar:na]
	at org.springframework.data.mongodb.core.index.MongoPersistentEntityIndexResolver$3.doWithPersistentProperty(MongoPersistentEntityIndexResolver.java:227) [spring-data-mongodb-1.6.0.BUILD-SNAPSHOT.jar:na]
	at org.springframework.data.mapping.model.BasicPersistentEntity.doWithProperties(BasicPersistentEntity.java:294) [spring-data-commons-1.9.0.BUILD-SNAPSHOT.jar:na]
	at org.springframework.data.mongodb.core.index.MongoPersistentEntityIndexResolver.appendTextIndexInformation(MongoPersistentEntityIndexResolver.java:227) [spring-data-mongodb-1.6.0.BUILD-SNAPSHOT.jar:na]
	at org.springframework.data.mongodb.core.index.MongoPersistentEntityIndexResolver.access$400(MongoPersistentEntityIndexResolver.java:57) [spring-data-mongodb-1.6.0.BUILD-SNAPSHOT.jar:na]
	at org.springframework.data.mongodb.core.index.MongoPersistentEntityIndexResolver$3.doWithPersistentProperty(MongoPersistentEntityIndexResolver.java:257) [spring-data-mongodb-1.6.0.BUILD-SNAPSHOT.jar:na]
	at org.springframework.data.mongodb.core.index.MongoPersistentEntityIndexResolver$3.doWithPersistentProperty(MongoPersistentEntityIndexResolver.java:227) [spring-data-mongodb-1.6.0.BUILD-SNAPSHOT.jar:na]
	at org.springframework.data.mapping.model.BasicPersistentEntity.doWithProperties(BasicPersistentEntity.java:294) [spring-data-commons-1.9.0.BUILD-SNAPSHOT.jar:na]
	at org.springframework.data.mongodb.core.index.MongoPersistentEntityIndexResolver.appendTextIndexInformation(MongoPersistentEntityIndexResolver.java:227) [spring-data-mongodb-1.6.0.BUILD-SNAPSHOT.jar:na]
	at org.springframework.data.mongodb.core.index.MongoPersistentEntityIndexResolver.access$400(MongoPersistentEntityIndexResolver.java:57) [spring-data-mongodb-1.6.0.BUILD-SNAPSHOT.jar:na]
	at org.springframework.data.mongodb.core.index.MongoPersistentEntityIndexResolver$3.doWithPersistentProperty(MongoPersistentEntityIndexResolver.java:257) [spring-data-mongodb-1.6.0.BUILD-SNAPSHOT.jar:na]
	at org.springframework.data.mongodb.core.index.MongoPersistentEntityIndexResolver$3.doWithPersistentProperty(MongoPersistentEntityIndexResolver.java:227) [spring-data-mongodb-1.6.0.BUILD-SNAPSHOT.jar:na]
	at org.springframework.data.mapping.model.BasicPersistentEntity.doWithProperties(BasicPersistentEntity.java:294) [spring-data-commons-1.9.0.BUILD-SNAPSHOT.jar:na]
	at org.springframework.data.mongodb.core.index.MongoPersistentEntityIndexResolver.appendTextIndexInformation(MongoPersistentEntityIndexResolver.java:227) [spring-data-mongodb-1.6.0.BUILD-SNAPSHOT.jar:na]
	at org.springframework.data.mongodb.core.index.MongoPersistentEntityIndexResolver.potentiallyCreateTextIndexDefinition(MongoPersistentEntityIndexResolver.java:206) [spring-data-mongodb-1.6.0.BUILD-SNAPSHOT.jar:na]
	at org.springframework.data.mongodb.core.index.MongoPersistentEntityIndexResolver.resolveIndexForEntity(MongoPersistentEntityIndexResolver.java:100) [spring-data-mongodb-1.6.0.BUILD-SNAPSHOT.jar:na]
	at org.springframework.data.mongodb.core.index.MongoPersistentEntityIndexResolver.resolveIndexForClass(MongoPersistentEntityIndexResolver.java:80) [spring-data-mongodb-1.6.0.BUILD-SNAPSHOT.jar:na]
	at org.springframework.data.mongodb.core.index.MongoPersistentEntityIndexResolver.resolveIndexForClass(MongoPersistentEntityIndexResolver.java:57) [spring-data-mongodb-1.6.0.BUILD-SNAPSHOT.jar:na]
	at org.springframework.data.mongodb.core.index.MongoPersistentEntityIndexCreator.checkForAndCreateIndexes(MongoPersistentEntityIndexCreator.java:128) [spring-data-mongodb-1.6.0.BUILD-SNAPSHOT.jar:na]
	at org.springframework.data.mongodb.core.index.MongoPersistentEntityIndexCreator.checkForIndexes(MongoPersistentEntityIndexCreator.java:121) [spring-data-mongodb-1.6.0.BUILD-SNAPSHOT.jar:na]
	at org.springframework.data.mongodb.core.index.MongoPersistentEntityIndexCreator.onApplicationEvent(MongoPersistentEntityIndexCreator.java:105) [spring-data-mongodb-1.6.0.BUILD-SNAPSHOT.jar:na]
	at org.springframework.data.mongodb.core.index.MongoPersistentEntityIndexCreator.onApplicationEvent(MongoPersistentEntityIndexCreator.java:46) [spring-data-mongodb-1.6.0.BUILD-SNAPSHOT.jar:na]
	at org.springframework.context.event.SimpleApplicationEventMulticaster.multicastEvent(SimpleApplicationEventMulticaster.java:98) [spring-context-4.0.6.RELEASE.jar:4.0.6.RELEASE]
	at org.springframework.context.support.AbstractApplicationContext.publishEvent(AbstractApplicationContext.java:333) [spring-context-4.0.6.RELEASE.jar:4.0.6.RELEASE]
	at org.springframework.data.mapping.context.AbstractMappingContext.addPersistentEntity(AbstractMappingContext.java:307) [spring-data-commons-1.9.0.BUILD-SNAPSHOT.jar:na]
	at org.springframework.data.mapping.context.AbstractMappingContext$PersistentPropertyCreator.createAndRegisterProperty(AbstractMappingContext.java:470) [spring-data-commons-1.9.0.BUILD-SNAPSHOT.jar:na]
	at org.springframework.data.mapping.context.AbstractMappingContext$PersistentPropertyCreator.doWith(AbstractMappingContext.java:427) [spring-data-commons-1.9.0.BUILD-SNAPSHOT.jar:na]
	at org.springframework.util.ReflectionUtils.doWithFields(ReflectionUtils.java:607) [spring-core-4.0.6.RELEASE.jar:4.0.6.RELEASE]
	at org.springframework.data.mapping.context.AbstractMappingContext.addPersistentEntity(AbstractMappingContext.java:295) [spring-data-commons-1.9.0.BUILD-SNAPSHOT.jar:na]
	at org.springframework.data.mapping.context.AbstractMappingContext.getPersistentEntity(AbstractMappingContext.java:181) [spring-data-commons-1.9.0.BUILD-SNAPSHOT.jar:na]
	at org.springframework.data.mapping.context.AbstractMappingContext.getPersistentEntity(AbstractMappingContext.java:141) [spring-data-commons-1.9.0.BUILD-SNAPSHOT.jar:na]
	at org.springframework.data.mapping.context.AbstractMappingContext.getPersistentEntity(AbstractMappingContext.java:67) [spring-data-commons-1.9.0.BUILD-SNAPSHOT.jar:na]
	at org.springframework.data.mongodb.repository.support.MongoRepositoryFactory.getEntityInformation(MongoRepositoryFactory.java:141) [spring-data-mongodb-1.6.0.BUILD-SNAPSHOT.jar:na]
	at org.springframework.data.mongodb.repository.support.MongoRepositoryFactory.getTargetRepository(MongoRepositoryFactory.java:83) [spring-data-mongodb-1.6.0.BUILD-SNAPSHOT.jar:na]
	at org.springframework.data.repository.core.support.RepositoryFactorySupport.getRepository(RepositoryFactorySupport.java:177) [spring-data-commons-1.9.0.BUILD-SNAPSHOT.jar:na]
	at org.springframework.data.repository.core.support.RepositoryFactoryBeanSupport.initAndReturn(RepositoryFactoryBeanSupport.java:239) [spring-data-commons-1.9.0.BUILD-SNAPSHOT.jar:na]
	at org.springframework.data.repository.core.support.RepositoryFactoryBeanSupport.afterPropertiesSet(RepositoryFactoryBeanSupport.java:225) [spring-data-commons-1.9.0.BUILD-SNAPSHOT.jar:na]
	at org.springframework.data.mongodb.repository.support.MongoRepositoryFactoryBean.afterPropertiesSet(MongoRepositoryFactoryBean.java:108) [spring-data-mongodb-1.6.0.BUILD-SNAPSHOT.jar:na]
	at org.springframework.beans.factory.support.AbstractAutowireCapableBeanFactory.invokeInitMethods(AbstractAutowireCapableBeanFactory.java:1612) [spring-beans-4.0.6.RELEASE.jar:4.0.6.RELEASE]
	at org.springframework.beans.factory.support.AbstractAutowireCapableBeanFactory.initializeBean(AbstractAutowireCapableBeanFactory.java:1549) [spring-beans-4.0.6.RELEASE.jar:4.0.6.RELEASE]
	at org.springframework.beans.factory.support.AbstractAutowireCapableBeanFactory.doCreateBean(AbstractAutowireCapableBeanFactory.java:539) [spring-beans-4.0.6.RELEASE.jar:4.0.6.RELEASE]
	at org.springframework.beans.factory.support.AbstractAutowireCapableBeanFactory.createBean(AbstractAutowireCapableBeanFactory.java:475) [spring-beans-4.0.6.RELEASE.jar:4.0.6.RELEASE]
	at org.springframework.beans.factory.support.AbstractBeanFactory$1.getObject(AbstractBeanFactory.java:302) [spring-beans-4.0.6.RELEASE.jar:4.0.6.RELEASE]
	at org.springframework.beans.factory.support.DefaultSingletonBeanRegistry.getSingleton(DefaultSingletonBeanRegistry.java:228) [spring-beans-4.0.6.RELEASE.jar:4.0.6.RELEASE]
	at org.springframework.beans.factory.support.AbstractBeanFactory.doGetBean(AbstractBeanFactory.java:298) [spring-beans-4.0.6.RELEASE.jar:4.0.6.RELEASE]
	at org.springframework.beans.factory.support.AbstractBeanFactory.getBean(AbstractBeanFactory.java:193) [spring-beans-4.0.6.RELEASE.jar:4.0.6.RELEASE]
	at org.springframework.beans.factory.support.DefaultListableBeanFactory.findAutowireCandidates(DefaultListableBeanFactory.java:1017) [spring-beans-4.0.6.RELEASE.jar:4.0.6.RELEASE]
	at org.springframework.beans.factory.support.DefaultListableBeanFactory.doResolveDependency(DefaultListableBeanFactory.java:960) [spring-beans-4.0.6.RELEASE.jar:4.0.6.RELEASE]
	at org.springframework.beans.factory.support.DefaultListableBeanFactory.resolveDependency(DefaultListableBeanFactory.java:858) [spring-beans-4.0.6.RELEASE.jar:4.0.6.RELEASE]
	at org.springframework.beans.factory.annotation.AutowiredAnnotationBeanPostProcessor$AutowiredFieldElement.inject(AutowiredAnnotationBeanPostProcessor.java:480) [spring-beans-4.0.6.RELEASE.jar:4.0.6.RELEASE]
	at org.springframework.beans.factory.annotation.InjectionMetadata.inject(InjectionMetadata.java:87) [spring-beans-4.0.6.RELEASE.jar:4.0.6.RELEASE]
	at org.springframework.beans.factory.annotation.AutowiredAnnotationBeanPostProcessor.postProcessPropertyValues(AutowiredAnnotationBeanPostProcessor.java:289) [spring-beans-4.0.6.RELEASE.jar:4.0.6.RELEASE]
	at org.springframework.beans.factory.support.AbstractAutowireCapableBeanFactory.populateBean(AbstractAutowireCapableBeanFactory.java:1185) [spring-beans-4.0.6.RELEASE.jar:4.0.6.RELEASE]
	at org.springframework.beans.factory.support.AbstractAutowireCapableBeanFactory.doCreateBean(AbstractAutowireCapableBeanFactory.java:537) [spring-beans-4.0.6.RELEASE.jar:4.0.6.RELEASE]
	at org.springframework.beans.factory.support.AbstractAutowireCapableBeanFactory.createBean(AbstractAutowireCapableBeanFactory.java:475) [spring-beans-4.0.6.RELEASE.jar:4.0.6.RELEASE]
	at org.springframework.beans.factory.support.AbstractBeanFactory$1.getObject(AbstractBeanFactory.java:302) [spring-beans-4.0.6.RELEASE.jar:4.0.6.RELEASE]
	at org.springframework.beans.factory.support.DefaultSingletonBeanRegistry.getSingleton(DefaultSingletonBeanRegistry.java:228) [spring-beans-4.0.6.RELEASE.jar:4.0.6.RELEASE]
	at org.springframework.beans.factory.support.AbstractBeanFactory.doGetBean(AbstractBeanFactory.java:298) [spring-beans-4.0.6.RELEASE.jar:4.0.6.RELEASE]
	at org.springframework.beans.factory.support.AbstractBeanFactory.getBean(AbstractBeanFactory.java:193) [spring-beans-4.0.6.RELEASE.jar:4.0.6.RELEASE]
	at org.springframework.beans.factory.support.DefaultListableBeanFactory.findAutowireCandidates(DefaultListableBeanFactory.java:1017) [spring-beans-4.0.6.RELEASE.jar:4.0.6.RELEASE]
	at org.springframework.beans.factory.support.DefaultListableBeanFactory.doResolveDependency(DefaultListableBeanFactory.java:960) [spring-beans-4.0.6.RELEASE.jar:4.0.6.RELEASE]
	at org.springframework.beans.factory.support.DefaultListableBeanFactory.resolveDependency(DefaultListableBeanFactory.java:858) [spring-beans-4.0.6.RELEASE.jar:4.0.6.RELEASE]
	at org.springframework.beans.factory.annotation.AutowiredAnnotationBeanPostProcessor$AutowiredFieldElement.inject(AutowiredAnnotationBeanPostProcessor.java:480) [spring-beans-4.0.6.RELEASE.jar:4.0.6.RELEASE]
	at org.springframework.beans.factory.annotation.InjectionMetadata.inject(InjectionMetadata.java:87) [spring-beans-4.0.6.RELEASE.jar:4.0.6.RELEASE]
	at org.springframework.beans.factory.annotation.AutowiredAnnotationBeanPostProcessor.postProcessPropertyValues(AutowiredAnnotationBeanPostProcessor.java:289) [spring-beans-4.0.6.RELEASE.jar:4.0.6.RELEASE]
	at org.springframework.beans.factory.support.AbstractAutowireCapableBeanFactory.populateBean(AbstractAutowireCapableBeanFactory.java:1185) [spring-beans-4.0.6.RELEASE.jar:4.0.6.RELEASE]
	at org.springframework.beans.factory.support.AbstractAutowireCapableBeanFactory.doCreateBean(AbstractAutowireCapableBeanFactory.java:537) [spring-beans-4.0.6.RELEASE.jar:4.0.6.RELEASE]
	at org.springframework.beans.factory.support.AbstractAutowireCapableBeanFactory.createBean(AbstractAutowireCapableBeanFactory.java:475) [spring-beans-4.0.6.RELEASE.jar:4.0.6.RELEASE]
	at org.springframework.beans.factory.support.AbstractBeanFactory$1.getObject(AbstractBeanFactory.java:302) [spring-beans-4.0.6.RELEASE.jar:4.0.6.RELEASE]
	at org.springframework.beans.factory.support.DefaultSingletonBeanRegistry.getSingleton(DefaultSingletonBeanRegistry.java:228) [spring-beans-4.0.6.RELEASE.jar:4.0.6.RELEASE]
	at org.springframework.beans.factory.support.AbstractBeanFactory.doGetBean(AbstractBeanFactory.java:298) [spring-beans-4.0.6.RELEASE.jar:4.0.6.RELEASE]
	at org.springframework.beans.factory.support.AbstractBeanFactory.getBean(AbstractBeanFactory.java:193) [spring-beans-4.0.6.RELEASE.jar:4.0.6.RELEASE]
	at org.springframework.beans.factory.support.BeanDefinitionValueResolver.resolveReference(BeanDefinitionValueResolver.java:328) [spring-beans-4.0.6.RELEASE.jar:4.0.6.RELEASE]
	at org.springframework.beans.factory.support.BeanDefinitionValueResolver.resolveValueIfNecessary(BeanDefinitionValueResolver.java:108) [spring-beans-4.0.6.RELEASE.jar:4.0.6.RELEASE]
	at org.springframework.beans.factory.support.BeanDefinitionValueResolver.resolveManagedList(BeanDefinitionValueResolver.java:359) [spring-beans-4.0.6.RELEASE.jar:4.0.6.RELEASE]
	at org.springframework.beans.factory.support.BeanDefinitionValueResolver.resolveValueIfNecessary(BeanDefinitionValueResolver.java:157) [spring-beans-4.0.6.RELEASE.jar:4.0.6.RELEASE]
	at org.springframework.beans.factory.support.AbstractAutowireCapableBeanFactory.applyPropertyValues(AbstractAutowireCapableBeanFactory.java:1456) [spring-beans-4.0.6.RELEASE.jar:4.0.6.RELEASE]
	at org.springframework.beans.factory.support.AbstractAutowireCapableBeanFactory.populateBean(AbstractAutowireCapableBeanFactory.java:1197) [spring-beans-4.0.6.RELEASE.jar:4.0.6.RELEASE]
	at org.springframework.beans.factory.support.AbstractAutowireCapableBeanFactory.doCreateBean(AbstractAutowireCapableBeanFactory.java:537) [spring-beans-4.0.6.RELEASE.jar:4.0.6.RELEASE]
	at org.springframework.beans.factory.support.AbstractAutowireCapableBeanFactory.createBean(AbstractAutowireCapableBeanFactory.java:475) [spring-beans-4.0.6.RELEASE.jar:4.0.6.RELEASE]
	at org.springframework.beans.factory.support.AbstractBeanFactory$1.getObject(AbstractBeanFactory.java:302) [spring-beans-4.0.6.RELEASE.jar:4.0.6.RELEASE]
	at org.springframework.beans.factory.support.DefaultSingletonBeanRegistry.getSingleton(DefaultSingletonBeanRegistry.java:228) [spring-beans-4.0.6.RELEASE.jar:4.0.6.RELEASE]
	at org.springframework.beans.factory.support.AbstractBeanFactory.doGetBean(AbstractBeanFactory.java:298) [spring-beans-4.0.6.RELEASE.jar:4.0.6.RELEASE]
	at org.springframework.beans.factory.support.AbstractBeanFactory.getBean(AbstractBeanFactory.java:193) [spring-beans-4.0.6.RELEASE.jar:4.0.6.RELEASE]
	at org.springframework.beans.factory.support.DefaultListableBeanFactory.preInstantiateSingletons(DefaultListableBeanFactory.java:703) [spring-beans-4.0.6.RELEASE.jar:4.0.6.RELEASE]
	at org.springframework.context.support.AbstractApplicationContext.finishBeanFactoryInitialization(AbstractApplicationContext.java:760) [spring-context-4.0.6.RELEASE.jar:4.0.6.RELEASE]
	at org.springframework.context.support.AbstractApplicationContext.refresh(AbstractApplicationContext.java:482) [spring-context-4.0.6.RELEASE.jar:4.0.6.RELEASE]
	at org.springframework.web.context.ContextLoader.configureAndRefreshWebApplicationContext(ContextLoader.java:403) [spring-web-4.0.6.RELEASE.jar:4.0.6.RELEASE]
	at org.springframework.web.context.ContextLoader.initWebApplicationContext(ContextLoader.java:306) [spring-web-4.0.6.RELEASE.jar:4.0.6.RELEASE]
	at org.springframework.web.context.ContextLoaderListener.contextInitialized(ContextLoaderListener.java:106) [spring-web-4.0.6.RELEASE.jar:4.0.6.RELEASE]
	at com.viotualize.api.metrics.MetricsRegistryInitializingContextLoaderListener.contextInitialized(MetricsRegistryInitializingContextLoaderListener.java:23) [classes/:na]
	at org.apache.catalina.core.StandardContext.listenerStart(StandardContext.java:4797) [tomcat-embed-core-7.0.37.jar:7.0.37]
	at org.apache.catalina.core.StandardContext.startInternal(StandardContext.java:5291) [tomcat-embed-core-7.0.37.jar:7.0.37]
	at org.apache.catalina.util.LifecycleBase.start(LifecycleBase.java:150) [tomcat-embed-core-7.0.37.jar:7.0.37]
	at org.apache.catalina.core.ContainerBase$StartChild.call(ContainerBase.java:1559) [tomcat-embed-core-7.0.37.jar:7.0.37]
	at org.apache.catalina.core.ContainerBase$StartChild.call(ContainerBase.java:1549) [tomcat-embed-core-7.0.37.jar:7.0.37]
	at java.util.concurrent.FutureTask.run(FutureTask.java:266) [na:1.8.0_11]
	at java.util.concurrent.ThreadPoolExecutor.runWorker(ThreadPoolExecutor.java:1142) [na:1.8.0_11]
	at java.util.concurrent.ThreadPoolExecutor$Worker.run(ThreadPoolExecutor.java:617) [na:1.8.0_11]
	at java.lang.Thread.run(Thread.java:745) [na:1.8.0_11]
11:42:49.197 [localhost-startStop-1] WARN  o.s.d.m.c.i.MongoPersistentEntityIndexResolver [MongoPersistentEntityIndexResolver.java:260] - [******] - Found cycle for field 'password' in type 'User' for path 'creator'
org.springframework.data.mongodb.core.index.MongoPersistentEntityIndexResolver$CyclicPropertyReferenceException: Found cycle for field 'password' in type 'User' for path 'creator'
	at org.springframework.data.mongodb.core.index.MongoPersistentEntityIndexResolver$CycleGuard.protect(MongoPersistentEntityIndexResolver.java:461) ~[spring-data-mongodb-1.6.0.BUILD-SNAPSHOT.jar:na]
	at org.springframework.data.mongodb.core.index.MongoPersistentEntityIndexResolver$3.doWithPersistentProperty(MongoPersistentEntityIndexResolver.java:232) [spring-data-mongodb-1.6.0.BUILD-SNAPSHOT.jar:na]
	at org.springframework.data.mongodb.core.index.MongoPersistentEntityIndexResolver$3.doWithPersistentProperty(MongoPersistentEntityIndexResolver.java:227) [spring-data-mongodb-1.6.0.BUILD-SNAPSHOT.jar:na]
	at org.springframework.data.mapping.model.BasicPersistentEntity.doWithProperties(BasicPersistentEntity.java:294) [spring-data-commons-1.9.0.BUILD-SNAPSHOT.jar:na]
	at org.springframework.data.mongodb.core.index.MongoPersistentEntityIndexResolver.appendTextIndexInformation(MongoPersistentEntityIndexResolver.java:227) [spring-data-mongodb-1.6.0.BUILD-SNAPSHOT.jar:na]
	at org.springframework.data.mongodb.core.index.MongoPersistentEntityIndexResolver.access$400(MongoPersistentEntityIndexResolver.java:57) [spring-data-mongodb-1.6.0.BUILD-SNAPSHOT.jar:na]
	at org.springframework.data.mongodb.core.index.MongoPersistentEntityIndexResolver$3.doWithPersistentProperty(MongoPersistentEntityIndexResolver.java:257) [spring-data-mongodb-1.6.0.BUILD-SNAPSHOT.jar:na]
	at org.springframework.data.mongodb.core.index.MongoPersistentEntityIndexResolver$3.doWithPersistentProperty(MongoPersistentEntityIndexResolver.java:227) [spring-data-mongodb-1.6.0.BUILD-SNAPSHOT.jar:na]
	at org.springframework.data.mapping.model.BasicPersistentEntity.doWithProperties(BasicPersistentEntity.java:294) [spring-data-commons-1.9.0.BUILD-SNAPSHOT.jar:na]
	at org.springframework.data.mongodb.core.index.MongoPersistentEntityIndexResolver.appendTextIndexInformation(MongoPersistentEntityIndexResolver.java:227) [spring-data-mongodb-1.6.0.BUILD-SNAPSHOT.jar:na]
	at org.springframework.data.mongodb.core.index.MongoPersistentEntityIndexResolver.access$400(MongoPersistentEntityIndexResolver.java:57) [spring-data-mongodb-1.6.0.BUILD-SNAPSHOT.jar:na]
	at org.springframework.data.mongodb.core.index.MongoPersistentEntityIndexResolver$3.doWithPersistentProperty(MongoPersistentEntityIndexResolver.java:257) [spring-data-mongodb-1.6.0.BUILD-SNAPSHOT.jar:na]
	at org.springframework.data.mongodb.core.index.MongoPersistentEntityIndexResolver$3.doWithPersistentProperty(MongoPersistentEntityIndexResolver.java:227) [spring-data-mongodb-1.6.0.BUILD-SNAPSHOT.jar:na]
	at org.springframework.data.mapping.model.BasicPersistentEntity.doWithProperties(BasicPersistentEntity.java:294) [spring-data-commons-1.9.0.BUILD-SNAPSHOT.jar:na]
	at org.springframework.data.mongodb.core.index.MongoPersistentEntityIndexResolver.appendTextIndexInformation(MongoPersistentEntityIndexResolver.java:227) [spring-data-mongodb-1.6.0.BUILD-SNAPSHOT.jar:na]
	at org.springframework.data.mongodb.core.index.MongoPersistentEntityIndexResolver.potentiallyCreateTextIndexDefinition(MongoPersistentEntityIndexResolver.java:206) [spring-data-mongodb-1.6.0.BUILD-SNAPSHOT.jar:na]
	at org.springframework.data.mongodb.core.index.MongoPersistentEntityIndexResolver.resolveIndexForEntity(MongoPersistentEntityIndexResolver.java:100) [spring-data-mongodb-1.6.0.BUILD-SNAPSHOT.jar:na]
	at org.springframework.data.mongodb.core.index.MongoPersistentEntityIndexResolver.resolveIndexForClass(MongoPersistentEntityIndexResolver.java:80) [spring-data-mongodb-1.6.0.BUILD-SNAPSHOT.jar:na]
	at org.springframework.data.mongodb.core.index.MongoPersistentEntityIndexResolver.resolveIndexForClass(MongoPersistentEntityIndexResolver.java:57) [spring-data-mongodb-1.6.0.BUILD-SNAPSHOT.jar:na]
	at org.springframework.data.mongodb.core.index.MongoPersistentEntityIndexCreator.checkForAndCreateIndexes(MongoPersistentEntityIndexCreator.java:128) [spring-data-mongodb-1.6.0.BUILD-SNAPSHOT.jar:na]
	at org.springframework.data.mongodb.core.index.MongoPersistentEntityIndexCreator.checkForIndexes(MongoPersistentEntityIndexCreator.java:121) [spring-data-mongodb-1.6.0.BUILD-SNAPSHOT.jar:na]
	at org.springframework.data.mongodb.core.index.MongoPersistentEntityIndexCreator.onApplicationEvent(MongoPersistentEntityIndexCreator.java:105) [spring-data-mongodb-1.6.0.BUILD-SNAPSHOT.jar:na]
	at org.springframework.data.mongodb.core.index.MongoPersistentEntityIndexCreator.onApplicationEvent(MongoPersistentEntityIndexCreator.java:46) [spring-data-mongodb-1.6.0.BUILD-SNAPSHOT.jar:na]
	at org.springframework.context.event.SimpleApplicationEventMulticaster.multicastEvent(SimpleApplicationEventMulticaster.java:98) [spring-context-4.0.6.RELEASE.jar:4.0.6.RELEASE]
	at org.springframework.context.support.AbstractApplicationContext.publishEvent(AbstractApplicationContext.java:333) [spring-context-4.0.6.RELEASE.jar:4.0.6.RELEASE]
	at org.springframework.data.mapping.context.AbstractMappingContext.addPersistentEntity(AbstractMappingContext.java:307) [spring-data-commons-1.9.0.BUILD-SNAPSHOT.jar:na]
	at org.springframework.data.mapping.context.AbstractMappingContext$PersistentPropertyCreator.createAndRegisterProperty(AbstractMappingContext.java:470) [spring-data-commons-1.9.0.BUILD-SNAPSHOT.jar:na]
	at org.springframework.data.mapping.context.AbstractMappingContext$PersistentPropertyCreator.doWith(AbstractMappingContext.java:427) [spring-data-commons-1.9.0.BUILD-SNAPSHOT.jar:na]
	at org.springframework.util.ReflectionUtils.doWithFields(ReflectionUtils.java:607) [spring-core-4.0.6.RELEASE.jar:4.0.6.RELEASE]
	at org.springframework.data.mapping.context.AbstractMappingContext.addPersistentEntity(AbstractMappingContext.java:295) [spring-data-commons-1.9.0.BUILD-SNAPSHOT.jar:na]
	at org.springframework.data.mapping.context.AbstractMappingContext.getPersistentEntity(AbstractMappingContext.java:181) [spring-data-commons-1.9.0.BUILD-SNAPSHOT.jar:na]
	at org.springframework.data.mapping.context.AbstractMappingContext.getPersistentEntity(AbstractMappingContext.java:141) [spring-data-commons-1.9.0.BUILD-SNAPSHOT.jar:na]
	at org.springframework.data.mapping.context.AbstractMappingContext.getPersistentEntity(AbstractMappingContext.java:67) [spring-data-commons-1.9.0.BUILD-SNAPSHOT.jar:na]
	at org.springframework.data.mongodb.repository.support.MongoRepositoryFactory.getEntityInformation(MongoRepositoryFactory.java:141) [spring-data-mongodb-1.6.0.BUILD-SNAPSHOT.jar:na]
	at org.springframework.data.mongodb.repository.support.MongoRepositoryFactory.getTargetRepository(MongoRepositoryFactory.java:83) [spring-data-mongodb-1.6.0.BUILD-SNAPSHOT.jar:na]
	at org.springframework.data.repository.core.support.RepositoryFactorySupport.getRepository(RepositoryFactorySupport.java:177) [spring-data-commons-1.9.0.BUILD-SNAPSHOT.jar:na]
	at org.springframework.data.repository.core.support.RepositoryFactoryBeanSupport.initAndReturn(RepositoryFactoryBeanSupport.java:239) [spring-data-commons-1.9.0.BUILD-SNAPSHOT.jar:na]
	at org.springframework.data.repository.core.support.RepositoryFactoryBeanSupport.afterPropertiesSet(RepositoryFactoryBeanSupport.java:225) [spring-data-commons-1.9.0.BUILD-SNAPSHOT.jar:na]
	at org.springframework.data.mongodb.repository.support.MongoRepositoryFactoryBean.afterPropertiesSet(MongoRepositoryFactoryBean.java:108) [spring-data-mongodb-1.6.0.BUILD-SNAPSHOT.jar:na]
	at org.springframework.beans.factory.support.AbstractAutowireCapableBeanFactory.invokeInitMethods(AbstractAutowireCapableBeanFactory.java:1612) [spring-beans-4.0.6.RELEASE.jar:4.0.6.RELEASE]
	at org.springframework.beans.factory.support.AbstractAutowireCapableBeanFactory.initializeBean(AbstractAutowireCapableBeanFactory.java:1549) [spring-beans-4.0.6.RELEASE.jar:4.0.6.RELEASE]
	at org.springframework.beans.factory.support.AbstractAutowireCapableBeanFactory.doCreateBean(AbstractAutowireCapableBeanFactory.java:539) [spring-beans-4.0.6.RELEASE.jar:4.0.6.RELEASE]
	at org.springframework.beans.factory.support.AbstractAutowireCapableBeanFactory.createBean(AbstractAutowireCapableBeanFactory.java:475) [spring-beans-4.0.6.RELEASE.jar:4.0.6.RELEASE]
	at org.springframework.beans.factory.support.AbstractBeanFactory$1.getObject(AbstractBeanFactory.java:302) [spring-beans-4.0.6.RELEASE.jar:4.0.6.RELEASE]
	at org.springframework.beans.factory.support.DefaultSingletonBeanRegistry.getSingleton(DefaultSingletonBeanRegistry.java:228) [spring-beans-4.0.6.RELEASE.jar:4.0.6.RELEASE]
	at org.springframework.beans.factory.support.AbstractBeanFactory.doGetBean(AbstractBeanFactory.java:298) [spring-beans-4.0.6.RELEASE.jar:4.0.6.RELEASE]
	at org.springframework.beans.factory.support.AbstractBeanFactory.getBean(AbstractBeanFactory.java:193) [spring-beans-4.0.6.RELEASE.jar:4.0.6.RELEASE]
	at org.springframework.beans.factory.support.DefaultListableBeanFactory.findAutowireCandidates(DefaultListableBeanFactory.java:1017) [spring-beans-4.0.6.RELEASE.jar:4.0.6.RELEASE]
	at org.springframework.beans.factory.support.DefaultListableBeanFactory.doResolveDependency(DefaultListableBeanFactory.java:960) [spring-beans-4.0.6.RELEASE.jar:4.0.6.RELEASE]
	at org.springframework.beans.factory.support.DefaultListableBeanFactory.resolveDependency(DefaultListableBeanFactory.java:858) [spring-beans-4.0.6.RELEASE.jar:4.0.6.RELEASE]
	at org.springframework.beans.factory.annotation.AutowiredAnnotationBeanPostProcessor$AutowiredFieldElement.inject(AutowiredAnnotationBeanPostProcessor.java:480) [spring-beans-4.0.6.RELEASE.jar:4.0.6.RELEASE]
	at org.springframework.beans.factory.annotation.InjectionMetadata.inject(InjectionMetadata.java:87) [spring-beans-4.0.6.RELEASE.jar:4.0.6.RELEASE]
	at org.springframework.beans.factory.annotation.AutowiredAnnotationBeanPostProcessor.postProcessPropertyValues(AutowiredAnnotationBeanPostProcessor.java:289) [spring-beans-4.0.6.RELEASE.jar:4.0.6.RELEASE]
	at org.springframework.beans.factory.support.AbstractAutowireCapableBeanFactory.populateBean(AbstractAutowireCapableBeanFactory.java:1185) [spring-beans-4.0.6.RELEASE.jar:4.0.6.RELEASE]
	at org.springframework.beans.factory.support.AbstractAutowireCapableBeanFactory.doCreateBean(AbstractAutowireCapableBeanFactory.java:537) [spring-beans-4.0.6.RELEASE.jar:4.0.6.RELEASE]
	at org.springframework.beans.factory.support.AbstractAutowireCapableBeanFactory.createBean(AbstractAutowireCapableBeanFactory.java:475) [spring-beans-4.0.6.RELEASE.jar:4.0.6.RELEASE]
	at org.springframework.beans.factory.support.AbstractBeanFactory$1.getObject(AbstractBeanFactory.java:302) [spring-beans-4.0.6.RELEASE.jar:4.0.6.RELEASE]
	at org.springframework.beans.factory.support.DefaultSingletonBeanRegistry.getSingleton(DefaultSingletonBeanRegistry.java:228) [spring-beans-4.0.6.RELEASE.jar:4.0.6.RELEASE]
	at org.springframework.beans.factory.support.AbstractBeanFactory.doGetBean(AbstractBeanFactory.java:298) [spring-beans-4.0.6.RELEASE.jar:4.0.6.RELEASE]
	at org.springframework.beans.factory.support.AbstractBeanFactory.getBean(AbstractBeanFactory.java:193) [spring-beans-4.0.6.RELEASE.jar:4.0.6.RELEASE]
	at org.springframework.beans.factory.support.DefaultListableBeanFactory.findAutowireCandidates(DefaultListableBeanFactory.java:1017) [spring-beans-4.0.6.RELEASE.jar:4.0.6.RELEASE]
	at org.springframework.beans.factory.support.DefaultListableBeanFactory.doResolveDependency(DefaultListableBeanFactory.java:960) [spring-beans-4.0.6.RELEASE.jar:4.0.6.RELEASE]
	at org.springframework.beans.factory.support.DefaultListableBeanFactory.resolveDependency(DefaultListableBeanFactory.java:858) [spring-beans-4.0.6.RELEASE.jar:4.0.6.RELEASE]
	at org.springframework.beans.factory.annotation.AutowiredAnnotationBeanPostProcessor$AutowiredFieldElement.inject(AutowiredAnnotationBeanPostProcessor.java:480) [spring-beans-4.0.6.RELEASE.jar:4.0.6.RELEASE]
	at org.springframework.beans.factory.annotation.InjectionMetadata.inject(InjectionMetadata.java:87) [spring-beans-4.0.6.RELEASE.jar:4.0.6.RELEASE]
	at org.springframework.beans.factory.annotation.AutowiredAnnotationBeanPostProcessor.postProcessPropertyValues(AutowiredAnnotationBeanPostProcessor.java:289) [spring-beans-4.0.6.RELEASE.jar:4.0.6.RELEASE]
	at org.springframework.beans.factory.support.AbstractAutowireCapableBeanFactory.populateBean(AbstractAutowireCapableBeanFactory.java:1185) [spring-beans-4.0.6.RELEASE.jar:4.0.6.RELEASE]
	at org.springframework.beans.factory.support.AbstractAutowireCapableBeanFactory.doCreateBean(AbstractAutowireCapableBeanFactory.java:537) [spring-beans-4.0.6.RELEASE.jar:4.0.6.RELEASE]
	at org.springframework.beans.factory.support.AbstractAutowireCapableBeanFactory.createBean(AbstractAutowireCapableBeanFactory.java:475) [spring-beans-4.0.6.RELEASE.jar:4.0.6.RELEASE]
	at org.springframework.beans.factory.support.AbstractBeanFactory$1.getObject(AbstractBeanFactory.java:302) [spring-beans-4.0.6.RELEASE.jar:4.0.6.RELEASE]
	at org.springframework.beans.factory.support.DefaultSingletonBeanRegistry.getSingleton(DefaultSingletonBeanRegistry.java:228) [spring-beans-4.0.6.RELEASE.jar:4.0.6.RELEASE]
	at org.springframework.beans.factory.support.AbstractBeanFactory.doGetBean(AbstractBeanFactory.java:298) [spring-beans-4.0.6.RELEASE.jar:4.0.6.RELEASE]
	at org.springframework.beans.factory.support.AbstractBeanFactory.getBean(AbstractBeanFactory.java:193) [spring-beans-4.0.6.RELEASE.jar:4.0.6.RELEASE]
	at org.springframework.beans.factory.support.BeanDefinitionValueResolver.resolveReference(BeanDefinitionValueResolver.java:328) [spring-beans-4.0.6.RELEASE.jar:4.0.6.RELEASE]
	at org.springframework.beans.factory.support.BeanDefinitionValueResolver.resolveValueIfNecessary(BeanDefinitionValueResolver.java:108) [spring-beans-4.0.6.RELEASE.jar:4.0.6.RELEASE]
	at org.springframework.beans.factory.support.BeanDefinitionValueResolver.resolveManagedList(BeanDefinitionValueResolver.java:359) [spring-beans-4.0.6.RELEASE.jar:4.0.6.RELEASE]
	at org.springframework.beans.factory.support.BeanDefinitionValueResolver.resolveValueIfNecessary(BeanDefinitionValueResolver.java:157) [spring-beans-4.0.6.RELEASE.jar:4.0.6.RELEASE]
	at org.springframework.beans.factory.support.AbstractAutowireCapableBeanFactory.applyPropertyValues(AbstractAutowireCapableBeanFactory.java:1456) [spring-beans-4.0.6.RELEASE.jar:4.0.6.RELEASE]
	at org.springframework.beans.factory.support.AbstractAutowireCapableBeanFactory.populateBean(AbstractAutowireCapableBeanFactory.java:1197) [spring-beans-4.0.6.RELEASE.jar:4.0.6.RELEASE]
	at org.springframework.beans.factory.support.AbstractAutowireCapableBeanFactory.doCreateBean(AbstractAutowireCapableBeanFactory.java:537) [spring-beans-4.0.6.RELEASE.jar:4.0.6.RELEASE]
	at org.springframework.beans.factory.support.AbstractAutowireCapableBeanFactory.createBean(AbstractAutowireCapableBeanFactory.java:475) [spring-beans-4.0.6.RELEASE.jar:4.0.6.RELEASE]
	at org.springframework.beans.factory.support.AbstractBeanFactory$1.getObject(AbstractBeanFactory.java:302) [spring-beans-4.0.6.RELEASE.jar:4.0.6.RELEASE]
	at org.springframework.beans.factory.support.DefaultSingletonBeanRegistry.getSingleton(DefaultSingletonBeanRegistry.java:228) [spring-beans-4.0.6.RELEASE.jar:4.0.6.RELEASE]
	at org.springframework.beans.factory.support.AbstractBeanFactory.doGetBean(AbstractBeanFactory.java:298) [spring-beans-4.0.6.RELEASE.jar:4.0.6.RELEASE]
	at org.springframework.beans.factory.support.AbstractBeanFactory.getBean(AbstractBeanFactory.java:193) [spring-beans-4.0.6.RELEASE.jar:4.0.6.RELEASE]
	at org.springframework.beans.factory.support.DefaultListableBeanFactory.preInstantiateSingletons(DefaultListableBeanFactory.java:703) [spring-beans-4.0.6.RELEASE.jar:4.0.6.RELEASE]
	at org.springframework.context.support.AbstractApplicationContext.finishBeanFactoryInitialization(AbstractApplicationContext.java:760) [spring-context-4.0.6.RELEASE.jar:4.0.6.RELEASE]
	at org.springframework.context.support.AbstractApplicationContext.refresh(AbstractApplicationContext.java:482) [spring-context-4.0.6.RELEASE.jar:4.0.6.RELEASE]
	at org.springframework.web.context.ContextLoader.configureAndRefreshWebApplicationContext(ContextLoader.java:403) [spring-web-4.0.6.RELEASE.jar:4.0.6.RELEASE]
	at org.springframework.web.context.ContextLoader.initWebApplicationContext(ContextLoader.java:306) [spring-web-4.0.6.RELEASE.jar:4.0.6.RELEASE]
	at org.springframework.web.context.ContextLoaderListener.contextInitialized(ContextLoaderListener.java:106) [spring-web-4.0.6.RELEASE.jar:4.0.6.RELEASE]
	at com.viotualize.api.metrics.MetricsRegistryInitializingContextLoaderListener.contextInitialized(MetricsRegistryInitializingContextLoaderListener.java:23) [classes/:na]
	at org.apache.catalina.core.StandardContext.listenerStart(StandardContext.java:4797) [tomcat-embed-core-7.0.37.jar:7.0.37]
	at org.apache.catalina.core.StandardContext.startInternal(StandardContext.java:5291) [tomcat-embed-core-7.0.37.jar:7.0.37]
	at org.apache.catalina.util.LifecycleBase.start(LifecycleBase.java:150) [tomcat-embed-core-7.0.37.jar:7.0.37]
	at org.apache.catalina.core.ContainerBase$StartChild.call(ContainerBase.java:1559) [tomcat-embed-core-7.0.37.jar:7.0.37]
	at org.apache.catalina.core.ContainerBase$StartChild.call(ContainerBase.java:1549) [tomcat-embed-core-7.0.37.jar:7.0.37]
	at java.util.concurrent.FutureTask.run(FutureTask.java:266) [na:1.8.0_11]
	at java.util.concurrent.ThreadPoolExecutor.runWorker(ThreadPoolExecutor.java:1142) [na:1.8.0_11]
	at java.util.concurrent.ThreadPoolExecutor$Worker.run(ThreadPoolExecutor.java:617) [na:1.8.0_11]
	at java.lang.Thread.run(Thread.java:745) [na:1.8.0_11]
11:42:49.204 [localhost-startStop-1] WARN  o.s.d.m.c.i.MongoPersistentEntityIndexResolver [MongoPersistentEntityIndexResolver.java:158] - [******] - Found cycle for field 'password' in type 'User' for path 'creator'
11:42:49.206 [localhost-startStop-1] WARN  o.s.d.m.c.i.MongoPersistentEntityIndexResolver [MongoPersistentEntityIndexResolver.java:158] - [******] - Found cycle for field 'password' in type 'User' for path 'creator'
